2020-02-26-main--INFO -com.hms.DaoImpl.HmsDaoImpl:REGISTER METHOD IS CALLED
2020-02-26-main--INFO -com.hms.DaoImpl.HmsDaoImpl:LOGIN METHOD IS CALLED
2020-02-26-main--INFO -com.hms.DaoImpl.HmsDaoImpl:LOGIN METHOD IS CALLED
2020-02-26-main--INFO -com.hms.DaoImpl.HmsDaoImpl:ADD METHOD CALLED
2020-02-26-main--INFO -com.hms.DaoImpl.HmsDaoImpl:LOGIN METHOD IS CALLED
2020-02-26-main--INFO -com.hms.DaoImpl.HmsDaoImpl:LOGIN METHOD IS CALLED
2020-02-26-main--INFO -com.hms.DaoImpl.HmsDaoImpl:ADD METHOD CALLED
2020-02-26-main--INFO -com.hms.DaoImpl.HmsDaoImpl:REGISTER METHOD IS CALLED
2020-02-26-main--INFO -com.hms.DaoImpl.HmsDaoImpl:LOGIN METHOD IS CALLED
2020-02-26-main--INFO -com.hms.DaoImpl.HmsDaoImpl:VIEWALLPATIENT METHOD CALLED
2020-02-26-main--INFO -com.hms.DaoImpl.HmsDaoImpl:LOGIN METHOD IS CALLED
2020-02-26-main--INFO -com.hms.DaoImpl.HmsDaoImpl:REGISTER METHOD IS CALLED
2020-02-26-main--INFO -com.hms.DaoImpl.HmsDaoImpl:REGISTER METHOD IS CALLED
2020-02-26-main--INFO -com.hms.DaoImpl.HmsDaoImpl:LOGIN METHOD IS CALLED
2020-02-26-main--INFO -com.hms.DaoImpl.HmsDaoImpl:REGISTER METHOD IS CALLED
2020-02-26-main--INFO -com.hms.DaoImpl.HmsDaoImpl:REGISTER METHOD IS CALLED
2020-02-26-main--INFO -com.hms.DaoImpl.HmsDaoImpl:REGISTER METHOD IS CALLED
2020-02-26-main--INFO -com.hms.DaoImpl.HmsDaoImpl:LOGIN METHOD IS CALLED
2020-02-26-main--INFO -com.hms.DaoImpl.HmsDaoImpl:LOGIN METHOD IS CALLED
2020-02-26-main--INFO -com.hms.DaoImpl.HmsDaoImpl:ADD METHOD CALLED
2020-02-26-main--INFO -com.hms.DaoImpl.HmsDaoImpl:VIEWALL METHOD CALLED
2020-02-26-main--INFO -com.hms.DaoImpl.HmsDaoImpl:UPDATEDOCTOR METHOD CALLED
2020-02-26-main--INFO -com.hms.DaoImpl.HmsDaoImpl:VIEWALL METHOD CALLED
2020-02-26-main--INFO -com.hms.DaoImpl.HmsDaoImpl:ADD PATIENT METHOD CALLED
2020-02-26-main--WARN -com.hms.DaoImpl.HmsDaoImpl:ADDPATIENT METHOD EXCEPTION HANDLED
2020-02-26-main--INFO -com.hms.DaoImpl.HmsDaoImpl:LOGIN METHOD IS CALLED
2020-02-26-main--INFO -com.hms.DaoImpl.HmsDaoImpl:ADD PATIENT METHOD CALLED
2020-02-26-main--INFO -com.hms.DaoImpl.HmsDaoImpl:VIEWPATIENT METHOD CALLED
2020-02-26-main--INFO -com.hms.DaoImpl.HmsDaoImpl:VIEWALLPATIENT METHOD CALLED
2020-02-26-main--INFO -com.hms.DaoImpl.HmsDaoImpl:UPDATEPATIENT METHOD CALLED
2020-02-26-main--INFO -com.hms.DaoImpl.HmsDaoImpl:VIEWALLPATIENT METHOD CALLED
2020-02-26-main--INFO -com.hms.DaoImpl.HmsDaoImpl:BILL METHOD IS CALLED
2020-02-26-main--WARN -com.hms.DaoImpl.HmsDaoImpl:BILL METHOD EXCEPTION HANDLED
2020-02-26-main--INFO -com.hms.DaoImpl.HmsDaoImpl:LOGIN METHOD IS CALLED
2020-02-26-main--INFO -com.hms.DaoImpl.HmsDaoImpl:VIEWPATIENT METHOD CALLED
2020-02-26-main--INFO -com.hms.DaoImpl.HmsDaoImpl:VIEWALLPATIENT METHOD CALLED
2020-02-26-main--INFO -com.hms.DaoImpl.HmsDaoImpl:VIEW METHOD CALLED
2020-02-26-main--INFO -com.hms.DaoImpl.HmsDaoImpl:BOOKSLOT METHOD IS CALLED
2020-02-26-main--WARN -com.hms.DaoImpl.HmsDaoImpl:BOOKSLOT METHOD EXCEPTION HANDLED
2020-02-26-main--INFO -com.hms.DaoImpl.HmsDaoImpl:VIEWALL METHOD CALLED
2020-02-26-main--INFO -com.hms.DaoImpl.HmsDaoImpl:BOOKSLOT METHOD IS CALLED
2020-02-26-main--INFO -com.hms.DaoImpl.HmsDaoImpl:CANCELSLOT METHOD IS CALLED
2020-02-26-main--INFO -com.hms.DaoImpl.HmsDaoImpl:VIEWALL METHOD CALLED
2020-02-26-main--INFO -com.hms.DaoImpl.HmsDaoImpl:BOOKSLOT METHOD IS CALLED
